<?xml version="1.0" encoding="UTF-8"?>
<testng-results ignored="0" total="1" passed="1" failed="0" skipped="0">
  <reporter-output>
  </reporter-output>
  <suite started-at="2021-05-16T16:21:14 IST" name="Default suite" finished-at="2021-05-16T16:21:14 IST" duration-ms="87">
    <groups>
    </groups>
    <test started-at="2021-05-16T16:21:14 IST" name="Default test" finished-at="2021-05-16T16:21:14 IST" duration-ms="87">
      <class name="MainProject.MavenJava.AutomationAppium">
        <test-method signature="Demo2()[pri:0, instance:MainProject.MavenJava.AutomationAppium@40cb8df7]" started-at="2021-05-16T16:21:14 IST" name="Demo2" finished-at="2021-05-16T16:21:14 IST" duration-ms="16" status="PASS">
          <reporter-output>
          </reporter-output>
        </test-method> <!-- Demo2 -->
      </class> <!-- MainProject.MavenJava.AutomationAppium -->
    </test> <!-- Default test -->
  </suite> <!-- Default suite -->
</testng-results>
